<?xml version="1.0" encoding="UTF-8"?><testsuite failures="0" name="cucumber.runtime.formatter.JUnitFormatter" skipped="0" tests="1" time="224.645579">
<testcase classname="Store Credit" name="Store Credit Mayor Compra usuario aliada" time="224.645579">
<system-out><![CDATA[Given Estando en Home.......................................................passed
And Tengo datos a ingresar "src/test/resources/datadrivenDev/usuarios.xls"..passed
And Teniendo articulos a seleccionar "src/test/resources/datadrivenDev/articulos.csv".passed
When Selecciona articulos desde PDP menor aliada "250000"...................passed
And Logueo e Ir a Pasarela "aliada" mayor a "250000"........................passed
Then No encuentra Pasarela "Tu saldo a favor cubre el valor de tu compra."..passed
]]></system-out>
</testcase>
</testsuite>
