<?xml version="1.0" encoding="UTF-8"?><testsuite failures="0" name="cucumber.runtime.formatter.JUnitFormatter" skipped="0" tests="1" time="539.091072">
<testcase classname="Store Credit PDR" name="Store Credit Compra aliada tarjeta debito" time="539.091072">
<system-out><![CDATA[Given Estando en Home.......................................................passed
And Tengo datos a ingresar "src/test/resources/datadrivenDev/usuarios.xls"..passed
And Teniendo datos TD "src/test/resources/datadrivenDev/TarjetaDebito.csv"..passed
And Teniendo articulos a seleccionar "src/test/resources/datadrivenDev/articulos.csv".passed
When Selecciona articulos desde PDR mayor aliada "300000"...................passed
And Logueo e Ir a Pasarela "aliada" mayor a "250000"........................passed
And Ir a PSE................................................................passed
And Pagar Ahora.............................................................passed
And Pasos para pago tarjeta debito "feliz"..................................passed
Then Verifico Mensaje Pago Tarjeta Debito "feliz"...........................passed
]]></system-out>
</testcase>
</testsuite>
