<?xml version="1.0" encoding="UTF-8"?><testsuite failures="2" name="cucumber.runtime.formatter.JUnitFormatter" skipped="0" tests="3" time="328.995162">
<testcase classname="Store Credit" name="Limpia Carro aliada" time="69.626744">
<system-out><![CDATA[Given Estando en pagina de logeo............................................passed
And Tengo datos a ingresar "src/test/resources/datadrivenDev/usuarios.xls"..passed
When Logueo usuairo aliada..................................................passed
And Limpia carro............................................................passed
]]></system-out>
</testcase>
<testcase classname="Store Credit" name="Store Credit Mayor Compra usuario aliada" time="122.257254">
<failure message="net.serenitybdd.core.exceptions.SerenityManagedException: The following error occurred: Expected enabled element was not enabled&#13;&#10;&#9;at net.serenitybdd.core.pages.WebElementFacadeImpl.waitUntilEnabled(WebElementFacadeImpl.java:968)&#13;&#10;&#9;at com.lineadirecta.pacifika.pageobjets.BusquedaDeArticulosPorSubcategoriaPage.abrirpaginadeproducto(BusquedaDeArticulosPorSubcategoriaPage.java:140)&#13;&#10;&#9;at com.lineadirecta.pacifika.steps.BusquedaDeaArticulosPorSubcategoriaSteps.AbrirPDP(BusquedaDeaArticulosPorSubcategoriaSteps.java:53)&#13;&#10;&#9;at com.lineadirecta.pacifika.steps.BusquedaDeaArticulosPorSubcategoriaSteps$$EnhancerByCGLIB$$77f8046.CGLIB$AbrirPDP$4(&lt;generated&gt;)&#13;&#10;&#9;at com.lineadirecta.pacifika.steps.BusquedaDeaArticulosPorSubcategoriaSteps$$EnhancerByCGLIB$$77f8046$$FastClassByCGLIB$$42dd1ba0.invoke(&lt;generated&gt;)&#13;&#10;&#9;at net.sf.cglib.proxy.MethodProxy.invokeSuper(MethodProxy.java:228)&#13;&#10;&#9;at net.thucydides.core.steps.StepInterceptor.invokeMethod(StepInterceptor.java:450)&#13;&#10;&#9;at net.thucydides.core.steps.StepInterceptor.executeTestStepMethod(StepInterceptor.java:435)&#13;&#10;&#9;at net.thucydides.core.steps.StepInterceptor.runTestStep(StepInterceptor.java:410)&#13;&#10;&#9;at net.thucydides.core.steps.StepInterceptor.runOrSkipMethod(StepInterceptor.java:151)&#13;&#10;&#9;at net.thucydides.core.steps.StepInterceptor.testStepResult(StepInterceptor.java:138)&#13;&#10;&#9;at net.thucydides.core.steps.StepInterceptor.intercept(StepInterceptor.java:69)&#13;&#10;&#9;at com.lineadirecta.pacifika.steps.BusquedaDeaArticulosPorSubcategoriaSteps$$EnhancerByCGLIB$$77f8046.AbrirPDP(&lt;generated&gt;)&#13;&#10;&#9;at com.lineadirecta.pacifika.definition.AgregarArticuloDefinition.selecciona_articulos_desde_PDP_menor_aliada(AgregarArticuloDefinition.java:280)&#13;&#10;&#9;at ✽.Selecciona articulos desde PDP menor aliada &quot;250000&quot;(src/main/resources/features/Pruebas/dev/Compras/PDP/1StoreCredit.feature:15)&#13;&#10;Caused by: org.openqa.selenium.TimeoutException: Expected condition failed: waiting for By.xpath: html/body/main/div[6]/div[2]/section/div[1]/div[2]/div/div/div[2]/div[1]/div/a[1]/img to be enabled (tried for 5 second(s) with 100 MILLISECONDS interval)&#13;&#10;&#9;at org.openqa.selenium.support.ui.FluentWait.timeoutException(FluentWait.java:263)&#13;&#10;&#9;at org.openqa.selenium.support.ui.FluentWait.until(FluentWait.java:231)&#13;&#10;&#9;at net.serenitybdd.core.pages.WebElementFacadeImpl.waitUntilEnabled(WebElementFacadeImpl.java:965)&#13;&#10;&#9;at com.lineadirecta.pacifika.pageobjets.BusquedaDeArticulosPorSubcategoriaPage.abrirpaginadeproducto(BusquedaDeArticulosPorSubcategoriaPage.java:140)&#13;&#10;&#9;at com.lineadirecta.pacifika.steps.BusquedaDeaArticulosPorSubcategoriaSteps.AbrirPDP(BusquedaDeaArticulosPorSubcategoriaSteps.java:53)&#13;&#10;&#9;at com.lineadirecta.pacifika.steps.BusquedaDeaArticulosPorSubcategoriaSteps$$EnhancerByCGLIB$$77f8046.CGLIB$AbrirPDP$4(&lt;generated&gt;)&#13;&#10;&#9;at com.lineadirecta.pacifika.steps.BusquedaDeaArticulosPorSubcategoriaSteps$$EnhancerByCGLIB$$77f8046$$FastClassByCGLIB$$42dd1ba0.invoke(&lt;generated&gt;)&#13;&#10;&#9;at net.sf.cglib.proxy.MethodProxy.invokeSuper(MethodProxy.java:228)&#13;&#10;&#9;at net.thucydides.core.steps.StepInterceptor.invokeMethod(StepInterceptor.java:450)&#13;&#10;&#9;at net.thucydides.core.steps.StepInterceptor.executeTestStepMethod(StepInterceptor.java:435)&#13;&#10;&#9;at net.thucydides.core.steps.StepInterceptor.runTestStep(StepInterceptor.java:410)&#13;&#10;&#9;at net.thucydides.core.steps.StepInterceptor.runOrSkipMethod(StepInterceptor.java:151)&#13;&#10;&#9;at net.thucydides.core.steps.StepInterceptor.testStepResult(StepInterceptor.java:138)&#13;&#10;&#9;at net.thucydides.core.steps.StepInterceptor.intercept(StepInterceptor.java:69)&#13;&#10;&#9;at com.lineadirecta.pacifika.steps.BusquedaDeaArticulosPorSubcategoriaSteps$$EnhancerByCGLIB$$77f8046.AbrirPDP(&lt;generated&gt;)&#13;&#10;&#9;at com.lineadirecta.pacifika.definition.AgregarArticuloDefinition.selecciona_articulos_desde_PDP_menor_aliada(AgregarArticuloDefinition.java:280)&#13;&#10;&#9;at sun.reflect.NativeMethodAccessorImpl.invoke0(Native Method)&#13;&#10;&#9;at sun.reflect.NativeMethodAccessorImpl.invoke(NativeMethodAccessorImpl.java:62)&#13;&#10;&#9;at sun.reflect.DelegatingMethodAccessorImpl.invoke(DelegatingMethodAccessorImpl.java:43)&#13;&#10;&#9;at java.lang.reflect.Method.invoke(Method.java:498)&#13;&#10;&#9;at cucumber.runtime.Utils$1.call(Utils.java:32)&#13;&#10;&#9;at cucumber.runtime.Timeout.timeout(Timeout.java:16)&#13;&#10;&#9;at cucumber.runtime.Utils.invoke(Utils.java:26)&#13;&#10;&#9;at cucumber.runtime.java.JavaStepDefinition.execute(JavaStepDefinition.java:37)&#13;&#10;&#9;at cucumber.runtime.StepDefinitionMatch.runStep(StepDefinitionMatch.java:40)&#13;&#10;&#9;at cucumber.api.TestStep.executeStep(TestStep.java:102)&#13;&#10;&#9;at cucumber.api.TestStep.run(TestStep.java:83)&#13;&#10;&#9;at cucumber.api.TestCase.run(TestCase.java:58)&#13;&#10;&#9;at cucumber.runner.Runner.runPickle(Runner.java:80)&#13;&#10;&#9;at cucumber.runtime.junit.PickleRunners$NoStepDescriptions.run(PickleRunners.java:140)&#13;&#10;&#9;at cucumber.runtime.junit.FeatureRunner.runChild(FeatureRunner.java:68)&#13;&#10;&#9;at cucumber.runtime.junit.FeatureRunner.runChild(FeatureRunner.java:23)&#13;&#10;&#9;at org.junit.runners.ParentRunner$3.run(ParentRunner.java:290)&#13;&#10;&#9;at org.junit.runners.ParentRunner$1.schedule(ParentRunner.java:71)&#13;&#10;&#9;at org.junit.runners.ParentRunner.runChildren(ParentRunner.java:288)&#13;&#10;&#9;at org.junit.runners.ParentRunner.access$000(ParentRunner.java:58)&#13;&#10;&#9;at org.junit.runners.ParentRunner$2.evaluate(ParentRunner.java:268)&#13;&#10;&#9;at org.junit.runners.ParentRunner.run(ParentRunner.java:363)&#13;&#10;&#9;at cucumber.runtime.junit.FeatureRunner.run(FeatureRunner.java:73)&#13;&#10;&#9;at cucumber.api.junit.Cucumber.runChild(Cucumber.java:117)&#13;&#10;&#9;at cucumber.api.junit.Cucumber.runChild(Cucumber.java:55)&#13;&#10;&#9;at org.junit.runners.ParentRunner$3.run(ParentRunner.java:290)&#13;&#10;&#9;at org.apache.maven.surefire.junitcore.pc.Scheduler$1.run(Scheduler.java:393)&#13;&#10;&#9;at org.apache.maven.surefire.junitcore.pc.InvokerStrategy.schedule(InvokerStrategy.java:54)&#13;&#10;&#9;at org.apache.maven.surefire.junitcore.pc.Scheduler.schedule(Scheduler.java:352)&#13;&#10;&#9;at org.junit.runners.ParentRunner.runChildren(ParentRunner.java:288)&#13;&#10;&#9;at org.junit.runners.ParentRunner.access$000(ParentRunner.java:58)&#13;&#10;&#9;at org.junit.runners.ParentRunner$2.evaluate(ParentRunner.java:268)&#13;&#10;&#9;at cucumber.api.junit.Cucumber$1.evaluate(Cucumber.java:126)&#13;&#10;&#9;at org.junit.runners.ParentRunner.run(ParentRunner.java:363)&#13;&#10;&#9;at org.junit.runners.Suite.runChild(Suite.java:128)&#13;&#10;&#9;at org.junit.runners.Suite.runChild(Suite.java:27)&#13;&#10;&#9;at org.junit.runners.ParentRunner$3.run(ParentRunner.java:290)&#13;&#10;&#9;at org.apache.maven.surefire.junitcore.pc.Scheduler$1.run(Scheduler.java:393)&#13;&#10;&#9;at java.util.concurrent.Executors$RunnableAdapter.call(Executors.java:511)&#13;&#10;&#9;at java.util.concurrent.FutureTask.run(FutureTask.java:266)&#13;&#10;&#9;at java.util.concurrent.ThreadPoolExecutor.runWorker(ThreadPoolExecutor.java:1142)&#13;&#10;&#9;at java.util.concurrent.ThreadPoolExecutor$Worker.run(ThreadPoolExecutor.java:617)&#13;&#10;&#9;at java.lang.Thread.run(Thread.java:745)&#13;&#10;Caused by: org.openqa.selenium.NoSuchElementException: no such element: Unable to locate element: {&quot;method&quot;:&quot;xpath&quot;,&quot;selector&quot;:&quot;html/body/main/div[6]/div[2]/section/div[1]/div[2]/div/div/div[2]/div[1]/div/a[1]/img&quot;}&#10;  (Session info: chrome=67.0.3396.99)&#10;  (Driver info: chromedriver=2.37.544315 (730aa6a5fdba159ac9f4c1e8cbc59bf1b5ce12b7),platform=Windows NT 6.1.7601 SP1 x86_64) (WARNING: The server did not provide any stacktrace information)&#10;Command duration or timeout: 0 milliseconds&#10;For documentation on this error, please visit: http://seleniumhq.org/exceptions/no_such_element.html&#10;Build info: version: '3.8.1', revision: '6e95a6684b', time: '2017-12-01T18:33:54.468Z'&#10;System info: host: 'SP4L8Z362', ip: '10.7.28.141', os.name: 'Windows 7', os.arch: 'amd64', os.version: '6.1', java.version: '1.8.0_121'&#10;Driver info: org.openqa.selenium.remote.RemoteWebDriver&#10;Capabilities {acceptInsecureCerts: false, acceptSslCerts: false, applicationCacheEnabled: false, browserConnectionEnabled: false, browserName: chrome, chrome: {chromedriverVersion: 2.37.544315 (730aa6a5fdba15..., userDataDir: C:\Users\41QS362\AppData\Lo...}, cssSelectorsEnabled: true, databaseEnabled: false, handlesAlerts: true, hasTouchScreen: false, javascriptEnabled: true, locationContextEnabled: true, mobileEmulationEnabled: false, nativeEvents: true, networkConnectionEnabled: false, pageLoadStrategy: normal, platform: XP, platformName: XP, rotatable: false, setWindowRect: true, takesHeapSnapshot: true, takesScreenshot: true, unexpectedAlertBehaviour: , unhandledPromptBehavior: , version: 67.0.3396.99, webStorageEnabled: true}&#10;Session ID: dbbef7f04034eee8a4fb20b3f402abb6&#10;*** Element info: {Using=xpath, value=html/body/main/div[6]/div[2]/section/div[1]/div[2]/div/div/div[2]/div[1]/div/a[1]/img}&#13;&#10;&#9;at sun.reflect.NativeConstructorAccessorImpl.newInstance0(Native Method)&#13;&#10;&#9;at sun.reflect.NativeConstructorAccessorImpl.newInstance(NativeConstructorAccessorImpl.java:62)&#13;&#10;&#9;at sun.reflect.DelegatingConstructorAccessorImpl.newInstance(DelegatingConstructorAccessorImpl.java:45)&#13;&#10;&#9;at java.lang.reflect.Constructor.newInstance(Constructor.java:423)&#13;&#10;&#9;at org.openqa.selenium.remote.ErrorHandler.createThrowable(ErrorHandler.java:214)&#13;&#10;&#9;at org.openqa.selenium.remote.ErrorHandler.throwIfResponseFailed(ErrorHandler.java:166)&#13;&#10;&#9;at org.openqa.selenium.remote.http.JsonHttpResponseCodec.reconstructValue(JsonHttpResponseCodec.java:40)&#13;&#10;&#9;at org.openqa.selenium.remote.http.AbstractHttpResponseCodec.decode(AbstractHttpResponseCodec.java:80)&#13;&#10;&#9;at org.openqa.selenium.remote.http.AbstractHttpResponseCodec.decode(AbstractHttpResponseCodec.java:44)&#13;&#10;&#9;at org.openqa.selenium.remote.HttpCommandExecutor.execute(HttpCommandExecutor.java:164)&#13;&#10;&#9;at org.openqa.selenium.remote.RemoteWebDriver.execute(RemoteWebDriver.java:601)&#13;&#10;&#9;at org.openqa.selenium.remote.RemoteWebDriver.findElement(RemoteWebDriver.java:371)&#13;&#10;&#9;at org.openqa.selenium.remote.RemoteWebDriver.findElementByXPath(RemoteWebDriver.java:473)&#13;&#10;&#9;at org.openqa.selenium.By$ByXPath.findElement(By.java:361)&#13;&#10;&#9;at org.openqa.selenium.remote.RemoteWebDriver.findElement(RemoteWebDriver.java:363)&#13;&#10;&#9;at net.thucydides.core.webdriver.WebDriverFacade.findElement(WebDriverFacade.java:278)&#13;&#10;&#9;at net.serenitybdd.core.pages.WebElementResolverByLocator.resolveForDriver(WebElementResolverByLocator.java:16)&#13;&#10;&#9;at net.serenitybdd.core.pages.WebElementFacadeImpl.getElement(WebElementFacadeImpl.java:209)&#13;&#10;&#9;at net.serenitybdd.core.pages.WebElementExpectations$3.apply(WebElementExpectations.java:63)&#13;&#10;&#9;at net.serenitybdd.core.pages.WebElementExpectations$3.apply(WebElementExpectations.java:55)&#13;&#10;&#9;at org.openqa.selenium.support.ui.FluentWait.until(FluentWait.java:208)&#13;&#10;&#9;... 57 more&#13;&#10;"><![CDATA[Given Estando en Home.......................................................passed
And Tengo datos a ingresar "src/test/resources/datadrivenDev/usuarios.xls"..passed
And Teniendo articulos a seleccionar "src/test/resources/datadrivenDev/articulos.csv".passed
When Selecciona articulos desde PDP menor aliada "250000"...................failed
And Logueo e Ir a Pasarela "aliada" mayor a "250000"........................skipped
Then No encuentra Pasarela "Tu saldo a favor cubre el valor de tu compra."..skipped

StackTrace:
net.serenitybdd.core.exceptions.SerenityManagedException: The following error occurred: Expected enabled element was not enabled
	at net.serenitybdd.core.pages.WebElementFacadeImpl.waitUntilEnabled(WebElementFacadeImpl.java:968)
	at com.lineadirecta.pacifika.pageobjets.BusquedaDeArticulosPorSubcategoriaPage.abrirpaginadeproducto(BusquedaDeArticulosPorSubcategoriaPage.java:140)
	at com.lineadirecta.pacifika.steps.BusquedaDeaArticulosPorSubcategoriaSteps.AbrirPDP(BusquedaDeaArticulosPorSubcategoriaSteps.java:53)
	at com.lineadirecta.pacifika.steps.BusquedaDeaArticulosPorSubcategoriaSteps$$EnhancerByCGLIB$$77f8046.CGLIB$AbrirPDP$4(<generated>)
	at com.lineadirecta.pacifika.steps.BusquedaDeaArticulosPorSubcategoriaSteps$$EnhancerByCGLIB$$77f8046$$FastClassByCGLIB$$42dd1ba0.invoke(<generated>)
	at net.sf.cglib.proxy.MethodProxy.invokeSuper(MethodProxy.java:228)
	at net.thucydides.core.steps.StepInterceptor.invokeMethod(StepInterceptor.java:450)
	at net.thucydides.core.steps.StepInterceptor.executeTestStepMethod(StepInterceptor.java:435)
	at net.thucydides.core.steps.StepInterceptor.runTestStep(StepInterceptor.java:410)
	at net.thucydides.core.steps.StepInterceptor.runOrSkipMethod(StepInterceptor.java:151)
	at net.thucydides.core.steps.StepInterceptor.testStepResult(StepInterceptor.java:138)
	at net.thucydides.core.steps.StepInterceptor.intercept(StepInterceptor.java:69)
	at com.lineadirecta.pacifika.steps.BusquedaDeaArticulosPorSubcategoriaSteps$$EnhancerByCGLIB$$77f8046.AbrirPDP(<generated>)
	at com.lineadirecta.pacifika.definition.AgregarArticuloDefinition.selecciona_articulos_desde_PDP_menor_aliada(AgregarArticuloDefinition.java:280)
	at ✽.Selecciona articulos desde PDP menor aliada "250000"(src/main/resources/features/Pruebas/dev/Compras/PDP/1StoreCredit.feature:15)
Caused by: org.openqa.selenium.TimeoutException: Expected condition failed: waiting for By.xpath: html/body/main/div[6]/div[2]/section/div[1]/div[2]/div/div/div[2]/div[1]/div/a[1]/img to be enabled (tried for 5 second(s) with 100 MILLISECONDS interval)
	at org.openqa.selenium.support.ui.FluentWait.timeoutException(FluentWait.java:263)
	at org.openqa.selenium.support.ui.FluentWait.until(FluentWait.java:231)
	at net.serenitybdd.core.pages.WebElementFacadeImpl.waitUntilEnabled(WebElementFacadeImpl.java:965)
	at com.lineadirecta.pacifika.pageobjets.BusquedaDeArticulosPorSubcategoriaPage.abrirpaginadeproducto(BusquedaDeArticulosPorSubcategoriaPage.java:140)
	at com.lineadirecta.pacifika.steps.BusquedaDeaArticulosPorSubcategoriaSteps.AbrirPDP(BusquedaDeaArticulosPorSubcategoriaSteps.java:53)
	at com.lineadirecta.pacifika.steps.BusquedaDeaArticulosPorSubcategoriaSteps$$EnhancerByCGLIB$$77f8046.CGLIB$AbrirPDP$4(<generated>)
	at com.lineadirecta.pacifika.steps.BusquedaDeaArticulosPorSubcategoriaSteps$$EnhancerByCGLIB$$77f8046$$FastClassByCGLIB$$42dd1ba0.invoke(<generated>)
	at net.sf.cglib.proxy.MethodProxy.invokeSuper(MethodProxy.java:228)
	at net.thucydides.core.steps.StepInterceptor.invokeMethod(StepInterceptor.java:450)
	at net.thucydides.core.steps.StepInterceptor.executeTestStepMethod(StepInterceptor.java:435)
	at net.thucydides.core.steps.StepInterceptor.runTestStep(StepInterceptor.java:410)
	at net.thucydides.core.steps.StepInterceptor.runOrSkipMethod(StepInterceptor.java:151)
	at net.thucydides.core.steps.StepInterceptor.testStepResult(StepInterceptor.java:138)
	at net.thucydides.core.steps.StepInterceptor.intercept(StepInterceptor.java:69)
	at com.lineadirecta.pacifika.steps.BusquedaDeaArticulosPorSubcategoriaSteps$$EnhancerByCGLIB$$77f8046.AbrirPDP(<generated>)
	at com.lineadirecta.pacifika.definition.AgregarArticuloDefinition.selecciona_articulos_desde_PDP_menor_aliada(AgregarArticuloDefinition.java:280)
	at sun.reflect.NativeMethodAccessorImpl.invoke0(Native Method)
	at sun.reflect.NativeMethodAccessorImpl.invoke(NativeMethodAccessorImpl.java:62)
	at sun.reflect.DelegatingMethodAccessorImpl.invoke(DelegatingMethodAccessorImpl.java:43)
	at java.lang.reflect.Method.invoke(Method.java:498)
	at cucumber.runtime.Utils$1.call(Utils.java:32)
	at cucumber.runtime.Timeout.timeout(Timeout.java:16)
	at cucumber.runtime.Utils.invoke(Utils.java:26)
	at cucumber.runtime.java.JavaStepDefinition.execute(JavaStepDefinition.java:37)
	at cucumber.runtime.StepDefinitionMatch.runStep(StepDefinitionMatch.java:40)
	at cucumber.api.TestStep.executeStep(TestStep.java:102)
	at cucumber.api.TestStep.run(TestStep.java:83)
	at cucumber.api.TestCase.run(TestCase.java:58)
	at cucumber.runner.Runner.runPickle(Runner.java:80)
	at cucumber.runtime.junit.PickleRunners$NoStepDescriptions.run(PickleRunners.java:140)
	at cucumber.runtime.junit.FeatureRunner.runChild(FeatureRunner.java:68)
	at cucumber.runtime.junit.FeatureRunner.runChild(FeatureRunner.java:23)
	at org.junit.runners.ParentRunner$3.run(ParentRunner.java:290)
	at org.junit.runners.ParentRunner$1.schedule(ParentRunner.java:71)
	at org.junit.runners.ParentRunner.runChildren(ParentRunner.java:288)
	at org.junit.runners.ParentRunner.access$000(ParentRunner.java:58)
	at org.junit.runners.ParentRunner$2.evaluate(ParentRunner.java:268)
	at org.junit.runners.ParentRunner.run(ParentRunner.java:363)
	at cucumber.runtime.junit.FeatureRunner.run(FeatureRunner.java:73)
	at cucumber.api.junit.Cucumber.runChild(Cucumber.java:117)
	at cucumber.api.junit.Cucumber.runChild(Cucumber.java:55)
	at org.junit.runners.ParentRunner$3.run(ParentRunner.java:290)
	at org.apache.maven.surefire.junitcore.pc.Scheduler$1.run(Scheduler.java:393)
	at org.apache.maven.surefire.junitcore.pc.InvokerStrategy.schedule(InvokerStrategy.java:54)
	at org.apache.maven.surefire.junitcore.pc.Scheduler.schedule(Scheduler.java:352)
	at org.junit.runners.ParentRunner.runChildren(ParentRunner.java:288)
	at org.junit.runners.ParentRunner.access$000(ParentRunner.java:58)
	at org.junit.runners.ParentRunner$2.evaluate(ParentRunner.java:268)
	at cucumber.api.junit.Cucumber$1.evaluate(Cucumber.java:126)
	at org.junit.runners.ParentRunner.run(ParentRunner.java:363)
	at org.junit.runners.Suite.runChild(Suite.java:128)
	at org.junit.runners.Suite.runChild(Suite.java:27)
	at org.junit.runners.ParentRunner$3.run(ParentRunner.java:290)
	at org.apache.maven.surefire.junitcore.pc.Scheduler$1.run(Scheduler.java:393)
	at java.util.concurrent.Executors$RunnableAdapter.call(Executors.java:511)
	at java.util.concurrent.FutureTask.run(FutureTask.java:266)
	at java.util.concurrent.ThreadPoolExecutor.runWorker(ThreadPoolExecutor.java:1142)
	at java.util.concurrent.ThreadPoolExecutor$Worker.run(ThreadPoolExecutor.java:617)
	at java.lang.Thread.run(Thread.java:745)
Caused by: org.openqa.selenium.NoSuchElementException: no such element: Unable to locate element: {"method":"xpath","selector":"html/body/main/div[6]/div[2]/section/div[1]/div[2]/div/div/div[2]/div[1]/div/a[1]/img"}
  (Session info: chrome=67.0.3396.99)
  (Driver info: chromedriver=2.37.544315 (730aa6a5fdba159ac9f4c1e8cbc59bf1b5ce12b7),platform=Windows NT 6.1.7601 SP1 x86_64) (WARNING: The server did not provide any stacktrace information)
Command duration or timeout: 0 milliseconds
For documentation on this error, please visit: http://seleniumhq.org/exceptions/no_such_element.html
Build info: version: '3.8.1', revision: '6e95a6684b', time: '2017-12-01T18:33:54.468Z'
System info: host: 'SP4L8Z362', ip: '10.7.28.141', os.name: 'Windows 7', os.arch: 'amd64', os.version: '6.1', java.version: '1.8.0_121'
Driver info: org.openqa.selenium.remote.RemoteWebDriver
Capabilities {acceptInsecureCerts: false, acceptSslCerts: false, applicationCacheEnabled: false, browserConnectionEnabled: false, browserName: chrome, chrome: {chromedriverVersion: 2.37.544315 (730aa6a5fdba15..., userDataDir: C:\Users\41QS362\AppData\Lo...}, cssSelectorsEnabled: true, databaseEnabled: false, handlesAlerts: true, hasTouchScreen: false, javascriptEnabled: true, locationContextEnabled: true, mobileEmulationEnabled: false, nativeEvents: true, networkConnectionEnabled: false, pageLoadStrategy: normal, platform: XP, platformName: XP, rotatable: false, setWindowRect: true, takesHeapSnapshot: true, takesScreenshot: true, unexpectedAlertBehaviour: , unhandledPromptBehavior: , version: 67.0.3396.99, webStorageEnabled: true}
Session ID: dbbef7f04034eee8a4fb20b3f402abb6
*** Element info: {Using=xpath, value=html/body/main/div[6]/div[2]/section/div[1]/div[2]/div/div/div[2]/div[1]/div/a[1]/img}
	at sun.reflect.NativeConstructorAccessorImpl.newInstance0(Native Method)
	at sun.reflect.NativeConstructorAccessorImpl.newInstance(NativeConstructorAccessorImpl.java:62)
	at sun.reflect.DelegatingConstructorAccessorImpl.newInstance(DelegatingConstructorAccessorImpl.java:45)
	at java.lang.reflect.Constructor.newInstance(Constructor.java:423)
	at org.openqa.selenium.remote.ErrorHandler.createThrowable(ErrorHandler.java:214)
	at org.openqa.selenium.remote.ErrorHandler.throwIfResponseFailed(ErrorHandler.java:166)
	at org.openqa.selenium.remote.http.JsonHttpResponseCodec.reconstructValue(JsonHttpResponseCodec.java:40)
	at org.openqa.selenium.remote.http.AbstractHttpResponseCodec.decode(AbstractHttpResponseCodec.java:80)
	at org.openqa.selenium.remote.http.AbstractHttpResponseCodec.decode(AbstractHttpResponseCodec.java:44)
	at org.openqa.selenium.remote.HttpCommandExecutor.execute(HttpCommandExecutor.java:164)
	at org.openqa.selenium.remote.RemoteWebDriver.execute(RemoteWebDriver.java:601)
	at org.openqa.selenium.remote.RemoteWebDriver.findElement(RemoteWebDriver.java:371)
	at org.openqa.selenium.remote.RemoteWebDriver.findElementByXPath(RemoteWebDriver.java:473)
	at org.openqa.selenium.By$ByXPath.findElement(By.java:361)
	at org.openqa.selenium.remote.RemoteWebDriver.findElement(RemoteWebDriver.java:363)
	at net.thucydides.core.webdriver.WebDriverFacade.findElement(WebDriverFacade.java:278)
	at net.serenitybdd.core.pages.WebElementResolverByLocator.resolveForDriver(WebElementResolverByLocator.java:16)
	at net.serenitybdd.core.pages.WebElementFacadeImpl.getElement(WebElementFacadeImpl.java:209)
	at net.serenitybdd.core.pages.WebElementExpectations$3.apply(WebElementExpectations.java:63)
	at net.serenitybdd.core.pages.WebElementExpectations$3.apply(WebElementExpectations.java:55)
	at org.openqa.selenium.support.ui.FluentWait.until(FluentWait.java:208)
	... 57 more
]]></failure>
</testcase>
<testcase classname="Store Credit" name="Store Credit Mayor Compra usuario aliada verifica pasarela" time="137.111164">
<failure message="net.serenitybdd.core.exceptions.SerenityManagedException: The following error occurred: unknown error: Element &lt;img class=&quot;lazy&quot; data-src=&quot;/medias/sys_master/images/images/hcc/heb/8796406644766/P506552-1.jpg&quot; alt=&quot;Blusa Manga Sisa Blanco&quot; title=&quot;Blusa Manga Sisa Blanco&quot; src=&quot;data:image/gif;base64,R0lGODlhAQABAIAAAP///wAAACH5BAEAAAAALAAAAAABAAEAAAICRAEAOw==&quot;&gt; is not clickable at point (885, 404). Other element would receive the click: &lt;div class=&quot;details mt-card-content&quot;&gt;...&lt;/div&gt;&#10;  (Session info: chrome=67.0.3396.99)&#10;  (Driver info: chromedriver=2.37.544315 (730aa6a5fdba159ac9f4c1e8cbc59bf1b5ce12b7),platform=Windows NT 6.1.7601 SP1 x86_64) (WARNING: The server did not provide any stacktrace information)&#10;Command duration or timeout: 0 milliseconds&#10;Build info: version: '3.8.1', revision: '6e95a6684b', time: '2017-12-01T18:33:54.468Z'&#10;System info: host: 'SP4L8Z362', ip: '10.7.28.141', os.name: 'Windows 7', os.arch: 'amd64', os.version: '6.1', java.version: '1.8.0_121'&#10;Driver info: org.openqa.selenium.remote.RemoteWebDriver&#10;Capabilities {acceptInsecureCerts: false, acceptSslCerts: false, applicationCacheEnabled: false, browserConnectionEnabled: false, browserName: chrome, chrome: {chromedriverVersion: 2.37.544315 (730aa6a5fdba15..., userDataDir: C:\Users\41QS362\AppData\Lo...}, cssSelectorsEnabled: true, databaseEnabled: false, handlesAlerts: true, hasTouchScreen: false, javascriptEnabled: true, locationContextEnabled: true, mobileEmulationEnabled: false, nativeEvents: true, networkConnectionEnabled: false, pageLoadStrategy: normal, platform: XP, platformName: XP, rotatable: false, setWindowRect: true, takesHeapSnapshot: true, takesScreenshot: true, unexpectedAlertBehaviour: , unhandledPromptBehavior: , version: 67.0.3396.99, webStorageEnabled: true}&#10;Session ID: 6c2b18d3cb0175743af6e29f9cfedcb4&#13;&#10;&#9;at sun.reflect.NativeConstructorAccessorImpl.newInstance0(Native Method)&#13;&#10;&#9;at sun.reflect.NativeConstructorAccessorImpl.newInstance(NativeConstructorAccessorImpl.java:62)&#13;&#10;&#9;at sun.reflect.DelegatingConstructorAccessorImpl.newInstance(DelegatingConstructorAccessorImpl.java:45)&#13;&#10;&#9;at java.lang.reflect.Constructor.newInstance(Constructor.java:423)&#13;&#10;&#9;at org.openqa.selenium.remote.ErrorHandler.createThrowable(ErrorHandler.java:214)&#13;&#10;&#9;at org.openqa.selenium.remote.ErrorHandler.throwIfResponseFailed(ErrorHandler.java:166)&#13;&#10;&#9;at org.openqa.selenium.remote.http.JsonHttpResponseCodec.reconstructValue(JsonHttpResponseCodec.java:40)&#13;&#10;&#9;at org.openqa.selenium.remote.http.AbstractHttpResponseCodec.decode(AbstractHttpResponseCodec.java:80)&#13;&#10;&#9;at org.openqa.selenium.remote.http.AbstractHttpResponseCodec.decode(AbstractHttpResponseCodec.java:44)&#13;&#10;&#9;at org.openqa.selenium.remote.HttpCommandExecutor.execute(HttpCommandExecutor.java:164)&#13;&#10;&#9;at org.openqa.selenium.remote.RemoteWebDriver.execute(RemoteWebDriver.java:601)&#13;&#10;&#9;at org.openqa.selenium.remote.RemoteWebElement.execute(RemoteWebElement.java:279)&#13;&#10;&#9;at org.openqa.selenium.remote.RemoteWebElement.click(RemoteWebElement.java:83)&#13;&#10;&#9;at net.serenitybdd.core.pages.WebElementFacadeImpl.click(WebElementFacadeImpl.java:1046)&#13;&#10;&#9;at com.lineadirecta.pacifika.pageobjets.BusquedaDeArticulosPorSubcategoriaPage.abrirpaginadeproducto(BusquedaDeArticulosPorSubcategoriaPage.java:140)&#13;&#10;&#9;at com.lineadirecta.pacifika.steps.BusquedaDeaArticulosPorSubcategoriaSteps.AbrirPDP(BusquedaDeaArticulosPorSubcategoriaSteps.java:53)&#13;&#10;&#9;at com.lineadirecta.pacifika.steps.BusquedaDeaArticulosPorSubcategoriaSteps$$EnhancerByCGLIB$$77f8046.CGLIB$AbrirPDP$4(&lt;generated&gt;)&#13;&#10;&#9;at com.lineadirecta.pacifika.steps.BusquedaDeaArticulosPorSubcategoriaSteps$$EnhancerByCGLIB$$77f8046$$FastClassByCGLIB$$42dd1ba0.invoke(&lt;generated&gt;)&#13;&#10;&#9;at net.sf.cglib.proxy.MethodProxy.invokeSuper(MethodProxy.java:228)&#13;&#10;&#9;at net.thucydides.core.steps.StepInterceptor.invokeMethod(StepInterceptor.java:450)&#13;&#10;&#9;at net.thucydides.core.steps.StepInterceptor.executeTestStepMethod(StepInterceptor.java:435)&#13;&#10;&#9;at net.thucydides.core.steps.StepInterceptor.runTestStep(StepInterceptor.java:410)&#13;&#10;&#9;at net.thucydides.core.steps.StepInterceptor.runOrSkipMethod(StepInterceptor.java:151)&#13;&#10;&#9;at net.thucydides.core.steps.StepInterceptor.testStepResult(StepInterceptor.java:138)&#13;&#10;&#9;at net.thucydides.core.steps.StepInterceptor.intercept(StepInterceptor.java:69)&#13;&#10;&#9;at com.lineadirecta.pacifika.steps.BusquedaDeaArticulosPorSubcategoriaSteps$$EnhancerByCGLIB$$77f8046.AbrirPDP(&lt;generated&gt;)&#13;&#10;&#9;at com.lineadirecta.pacifika.definition.AgregarArticuloDefinition.selecciona_articulos_desde_PDP_mayor_aliada(AgregarArticuloDefinition.java:82)&#13;&#10;&#9;at ✽.Selecciona articulos desde PDP mayor aliada &quot;200000&quot;(src/main/resources/features/Pruebas/dev/Compras/PDP/1StoreCredit.feature:24)&#13;&#10;"><![CDATA[Given Estando en Home.......................................................passed
And Tengo datos a ingresar "src/test/resources/datadrivenDev/usuarios.xls"..passed
And Teniendo articulos a seleccionar "src/test/resources/datadrivenDev/articulos.csv".passed
When Selecciona articulos desde PDP mayor aliada "200000"...................failed
And Logueo e Ir a Pasarela "aliada" mayor a "250000"........................skipped
Then Verifica Pasarela......................................................skipped

StackTrace:
net.serenitybdd.core.exceptions.SerenityManagedException: The following error occurred: unknown error: Element <img class="lazy" data-src="/medias/sys_master/images/images/hcc/heb/8796406644766/P506552-1.jpg" alt="Blusa Manga Sisa Blanco" title="Blusa Manga Sisa Blanco" src="data:image/gif;base64,R0lGODlhAQABAIAAAP///wAAACH5BAEAAAAALAAAAAABAAEAAAICRAEAOw=="> is not clickable at point (885, 404). Other element would receive the click: <div class="details mt-card-content">...</div>
  (Session info: chrome=67.0.3396.99)
  (Driver info: chromedriver=2.37.544315 (730aa6a5fdba159ac9f4c1e8cbc59bf1b5ce12b7),platform=Windows NT 6.1.7601 SP1 x86_64) (WARNING: The server did not provide any stacktrace information)
Command duration or timeout: 0 milliseconds
Build info: version: '3.8.1', revision: '6e95a6684b', time: '2017-12-01T18:33:54.468Z'
System info: host: 'SP4L8Z362', ip: '10.7.28.141', os.name: 'Windows 7', os.arch: 'amd64', os.version: '6.1', java.version: '1.8.0_121'
Driver info: org.openqa.selenium.remote.RemoteWebDriver
Capabilities {acceptInsecureCerts: false, acceptSslCerts: false, applicationCacheEnabled: false, browserConnectionEnabled: false, browserName: chrome, chrome: {chromedriverVersion: 2.37.544315 (730aa6a5fdba15..., userDataDir: C:\Users\41QS362\AppData\Lo...}, cssSelectorsEnabled: true, databaseEnabled: false, handlesAlerts: true, hasTouchScreen: false, javascriptEnabled: true, locationContextEnabled: true, mobileEmulationEnabled: false, nativeEvents: true, networkConnectionEnabled: false, pageLoadStrategy: normal, platform: XP, platformName: XP, rotatable: false, setWindowRect: true, takesHeapSnapshot: true, takesScreenshot: true, unexpectedAlertBehaviour: , unhandledPromptBehavior: , version: 67.0.3396.99, webStorageEnabled: true}
Session ID: 6c2b18d3cb0175743af6e29f9cfedcb4
	at sun.reflect.NativeConstructorAccessorImpl.newInstance0(Native Method)
	at sun.reflect.NativeConstructorAccessorImpl.newInstance(NativeConstructorAccessorImpl.java:62)
	at sun.reflect.DelegatingConstructorAccessorImpl.newInstance(DelegatingConstructorAccessorImpl.java:45)
	at java.lang.reflect.Constructor.newInstance(Constructor.java:423)
	at org.openqa.selenium.remote.ErrorHandler.createThrowable(ErrorHandler.java:214)
	at org.openqa.selenium.remote.ErrorHandler.throwIfResponseFailed(ErrorHandler.java:166)
	at org.openqa.selenium.remote.http.JsonHttpResponseCodec.reconstructValue(JsonHttpResponseCodec.java:40)
	at org.openqa.selenium.remote.http.AbstractHttpResponseCodec.decode(AbstractHttpResponseCodec.java:80)
	at org.openqa.selenium.remote.http.AbstractHttpResponseCodec.decode(AbstractHttpResponseCodec.java:44)
	at org.openqa.selenium.remote.HttpCommandExecutor.execute(HttpCommandExecutor.java:164)
	at org.openqa.selenium.remote.RemoteWebDriver.execute(RemoteWebDriver.java:601)
	at org.openqa.selenium.remote.RemoteWebElement.execute(RemoteWebElement.java:279)
	at org.openqa.selenium.remote.RemoteWebElement.click(RemoteWebElement.java:83)
	at net.serenitybdd.core.pages.WebElementFacadeImpl.click(WebElementFacadeImpl.java:1046)
	at com.lineadirecta.pacifika.pageobjets.BusquedaDeArticulosPorSubcategoriaPage.abrirpaginadeproducto(BusquedaDeArticulosPorSubcategoriaPage.java:140)
	at com.lineadirecta.pacifika.steps.BusquedaDeaArticulosPorSubcategoriaSteps.AbrirPDP(BusquedaDeaArticulosPorSubcategoriaSteps.java:53)
	at com.lineadirecta.pacifika.steps.BusquedaDeaArticulosPorSubcategoriaSteps$$EnhancerByCGLIB$$77f8046.CGLIB$AbrirPDP$4(<generated>)
	at com.lineadirecta.pacifika.steps.BusquedaDeaArticulosPorSubcategoriaSteps$$EnhancerByCGLIB$$77f8046$$FastClassByCGLIB$$42dd1ba0.invoke(<generated>)
	at net.sf.cglib.proxy.MethodProxy.invokeSuper(MethodProxy.java:228)
	at net.thucydides.core.steps.StepInterceptor.invokeMethod(StepInterceptor.java:450)
	at net.thucydides.core.steps.StepInterceptor.executeTestStepMethod(StepInterceptor.java:435)
	at net.thucydides.core.steps.StepInterceptor.runTestStep(StepInterceptor.java:410)
	at net.thucydides.core.steps.StepInterceptor.runOrSkipMethod(StepInterceptor.java:151)
	at net.thucydides.core.steps.StepInterceptor.testStepResult(StepInterceptor.java:138)
	at net.thucydides.core.steps.StepInterceptor.intercept(StepInterceptor.java:69)
	at com.lineadirecta.pacifika.steps.BusquedaDeaArticulosPorSubcategoriaSteps$$EnhancerByCGLIB$$77f8046.AbrirPDP(<generated>)
	at com.lineadirecta.pacifika.definition.AgregarArticuloDefinition.selecciona_articulos_desde_PDP_mayor_aliada(AgregarArticuloDefinition.java:82)
	at ✽.Selecciona articulos desde PDP mayor aliada "200000"(src/main/resources/features/Pruebas/dev/Compras/PDP/1StoreCredit.feature:24)
]]></failure>
</testcase>
</testsuite>
