<?xml version="1.0" encoding="UTF-8"?><testsuite errors="1" failures="1" name="Store Credit" skipped="0" tests="3" time="329.43" timestamp="2018-08-01T13:44:33.115-05:00[America/Bogota]"><testcase name="Limpia Carro aliada"/><testcase name="Store Credit Mayor Compra usuario aliada"><failure message="The following error occurred: Expected enabled element was not enabled&#10;Build info: version: '3.8.1', revision: '6e95a6684b', time: '2017-12-01T18:33:54.468Z'&#10;System info: host: 'SP4L8Z362', ip: '10.7.28.141', os.name: 'Windows 7', os.arch: 'amd64', os.version: '6.1', java.version: '1.8.0_121'&#10;Driver info: driver.version: unknown" type="net.thucydides.core.webdriver.exceptions.ElementShouldBeEnabledException">The following error occurred: Expected enabled element was not enabled
Build info: version: '3.8.1', revision: '6e95a6684b', time: '2017-12-01T18:33:54.468Z'
System info: host: 'SP4L8Z362', ip: '10.7.28.141', os.name: 'Windows 7', os.arch: 'amd64', os.version: '6.1', java.version: '1.8.0_121'
Driver info: driver.version: unknown</failure><system-err>The following error occurred: Expected enabled element was not enabled
Build info: version: '3.8.1', revision: '6e95a6684b', time: '2017-12-01T18:33:54.468Z'
System info: host: 'SP4L8Z362', ip: '10.7.28.141', os.name: 'Windows 7', os.arch: 'amd64', os.version: '6.1', java.version: '1.8.0_121'
Driver info: driver.version: unknown&#13;
com.lineadirecta.pacifika.pageobjets.BusquedaDeArticulosPorSubcategoriaPage.abrirpaginadeproducto(BusquedaDeArticulosPorSubcategoriaPage.java:140)&#13;
com.lineadirecta.pacifika.steps.BusquedaDeaArticulosPorSubcategoriaSteps.AbrirPDP(BusquedaDeaArticulosPorSubcategoriaSteps.java:53)&#13;
com.lineadirecta.pacifika.definition.AgregarArticuloDefinition.selecciona_articulos_desde_PDP_menor_aliada(AgregarArticuloDefinition.java:280)&#13;
cucumber.runner.Runner.runPickle(Runner.java:80)&#13;
</system-err></testcase><testcase name="Store Credit Mayor Compra usuario aliada verifica pasarela"><error message="The following error occurred: unknown error: Element &lt;img class=&quot;lazy&quot; data-src=&quot;/medias/sys_master/images/images/hcc/heb/8796406644766/P506552-1.jpg&quot; alt=&quot;Blusa Manga Sisa Blanco&quot; title=&quot;Blusa Manga Sisa Blanco&quot; src=&quot;data:image/gif;base64,R0lGODlhAQABAIAAAP///wAAACH5BAEAAAAALAAAAAABAAEAAAICRAEAOw==&quot;&gt; is not clickable at point (885, 404). Other element would receive the click: &lt;div class=&quot;details mt-card-content&quot;&gt;...&lt;/div&gt;&#10;  (Session info: chrome=67.0.3396.99)&#10;  (Driver info: chromedriver=2.37.544315 (730aa6a5fdba159ac9f4c1e8cbc59bf1b5ce12b7),platform=Windows NT 6.1.7601 SP1 x86_64) (WARNING: The server did not provide any stacktrace information)&#10;Command duration or timeout: 0 milliseconds&#10;Build info: version: '3.8.1', revision: '6e95a6684b', time: '2017-12-01T18:33:54.468Z'&#10;System info: host: 'SP4L8Z362', ip: '10.7.28.141', os.name: 'Windows 7', os.arch: 'amd64', os.version: '6.1', java.version: '1.8.0_121'&#10;Driver info: org.openqa.selenium.remote.RemoteWebDriver&#10;Capabilities {acceptInsecureCerts: false, acceptSslCerts: false, applicationCacheEnabled: false, browserConnectionEnabled: false, browserName: chrome, chrome: {chromedriverVersion: 2.37.544315 (730aa6a5fdba15..., userDataDir: C:\Users\41QS362\AppData\Lo...}, cssSelectorsEnabled: true, databaseEnabled: false, handlesAlerts: true, hasTouchScreen: false, javascriptEnabled: true, locationContextEnabled: true, mobileEmulationEnabled: false, nativeEvents: true, networkConnectionEnabled: false, pageLoadStrategy: normal, platform: XP, platformName: XP, rotatable: false, setWindowRect: true, takesHeapSnapshot: true, takesScreenshot: true, unexpectedAlertBehaviour: , unhandledPromptBehavior: , version: 67.0.3396.99, webStorageEnabled: true}&#10;Session ID: 6c2b18d3cb0175743af6e29f9cfedcb4&#10;Build info: version: '3.8.1', revision: '6e95a6684b', time: '2017-12-01T18:33:54.468Z'&#10;System info: host: 'SP4L8Z362', ip: '10.7.28.141', os.name: 'Windows 7', os.arch: 'amd64', os.version: '6.1', java.version: '1.8.0_121'&#10;Driver info: driver.version: unknown" type="org.openqa.selenium.WebDriverException">The following error occurred: unknown error: Element &lt;img class="lazy" data-src="/medias/sys_master/images/images/hcc/heb/8796406644766/P506552-1.jpg" alt="Blusa Manga Sisa Blanco" title="Blusa Manga Sisa Blanco" src="data:image/gif;base64,R0lGODlhAQABAIAAAP///wAAACH5BAEAAAAALAAAAAABAAEAAAICRAEAOw=="&gt; is not clickable at point (885, 404). Other element would receive the click: &lt;div class="details mt-card-content"&gt;...&lt;/div&gt;
  (Session info: chrome=67.0.3396.99)
  (Driver info: chromedriver=2.37.544315 (730aa6a5fdba159ac9f4c1e8cbc59bf1b5ce12b7),platform=Windows NT 6.1.7601 SP1 x86_64) (WARNING: The server did not provide any stacktrace information)
Command duration or timeout: 0 milliseconds
Build info: version: '3.8.1', revision: '6e95a6684b', time: '2017-12-01T18:33:54.468Z'
System info: host: 'SP4L8Z362', ip: '10.7.28.141', os.name: 'Windows 7', os.arch: 'amd64', os.version: '6.1', java.version: '1.8.0_121'
Driver info: org.openqa.selenium.remote.RemoteWebDriver
Capabilities {acceptInsecureCerts: false, acceptSslCerts: false, applicationCacheEnabled: false, browserConnectionEnabled: false, browserName: chrome, chrome: {chromedriverVersion: 2.37.544315 (730aa6a5fdba15..., userDataDir: C:\Users\41QS362\AppData\Lo...}, cssSelectorsEnabled: true, databaseEnabled: false, handlesAlerts: true, hasTouchScreen: false, javascriptEnabled: true, locationContextEnabled: true, mobileEmulationEnabled: false, nativeEvents: true, networkConnectionEnabled: false, pageLoadStrategy: normal, platform: XP, platformName: XP, rotatable: false, setWindowRect: true, takesHeapSnapshot: true, takesScreenshot: true, unexpectedAlertBehaviour: , unhandledPromptBehavior: , version: 67.0.3396.99, webStorageEnabled: true}
Session ID: 6c2b18d3cb0175743af6e29f9cfedcb4
Build info: version: '3.8.1', revision: '6e95a6684b', time: '2017-12-01T18:33:54.468Z'
System info: host: 'SP4L8Z362', ip: '10.7.28.141', os.name: 'Windows 7', os.arch: 'amd64', os.version: '6.1', java.version: '1.8.0_121'
Driver info: driver.version: unknown</error><system-err>The following error occurred: unknown error: Element &lt;img class="lazy" data-src="/medias/sys_master/images/images/hcc/heb/8796406644766/P506552-1.jpg" alt="Blusa Manga Sisa Blanco" title="Blusa Manga Sisa Blanco" src="data:image/gif;base64,R0lGODlhAQABAIAAAP///wAAACH5BAEAAAAALAAAAAABAAEAAAICRAEAOw=="&gt; is not clickable at point (885, 404). Other element would receive the click: &lt;div class="details mt-card-content"&gt;...&lt;/div&gt;
  (Session info: chrome=67.0.3396.99)
  (Driver info: chromedriver=2.37.544315 (730aa6a5fdba159ac9f4c1e8cbc59bf1b5ce12b7),platform=Windows NT 6.1.7601 SP1 x86_64) (WARNING: The server did not provide any stacktrace information)
Command duration or timeout: 0 milliseconds
Build info: version: '3.8.1', revision: '6e95a6684b', time: '2017-12-01T18:33:54.468Z'
System info: host: 'SP4L8Z362', ip: '10.7.28.141', os.name: 'Windows 7', os.arch: 'amd64', os.version: '6.1', java.version: '1.8.0_121'
Driver info: org.openqa.selenium.remote.RemoteWebDriver
Capabilities {acceptInsecureCerts: false, acceptSslCerts: false, applicationCacheEnabled: false, browserConnectionEnabled: false, browserName: chrome, chrome: {chromedriverVersion: 2.37.544315 (730aa6a5fdba15..., userDataDir: C:\Users\41QS362\AppData\Lo...}, cssSelectorsEnabled: true, databaseEnabled: false, handlesAlerts: true, hasTouchScreen: false, javascriptEnabled: true, locationContextEnabled: true, mobileEmulationEnabled: false, nativeEvents: true, networkConnectionEnabled: false, pageLoadStrategy: normal, platform: XP, platformName: XP, rotatable: false, setWindowRect: true, takesHeapSnapshot: true, takesScreenshot: true, unexpectedAlertBehaviour: , unhandledPromptBehavior: , version: 67.0.3396.99, webStorageEnabled: true}
Session ID: 6c2b18d3cb0175743af6e29f9cfedcb4
Build info: version: '3.8.1', revision: '6e95a6684b', time: '2017-12-01T18:33:54.468Z'
System info: host: 'SP4L8Z362', ip: '10.7.28.141', os.name: 'Windows 7', os.arch: 'amd64', os.version: '6.1', java.version: '1.8.0_121'
Driver info: driver.version: unknown&#13;
com.lineadirecta.pacifika.pageobjets.BusquedaDeArticulosPorSubcategoriaPage.abrirpaginadeproducto(BusquedaDeArticulosPorSubcategoriaPage.java:140)&#13;
com.lineadirecta.pacifika.steps.BusquedaDeaArticulosPorSubcategoriaSteps.AbrirPDP(BusquedaDeaArticulosPorSubcategoriaSteps.java:53)&#13;
com.lineadirecta.pacifika.definition.AgregarArticuloDefinition.selecciona_articulos_desde_PDP_mayor_aliada(AgregarArticuloDefinition.java:82)&#13;
cucumber.runner.Runner.runPickle(Runner.java:80)&#13;
</system-err></testcase></testsuite>