<?xml version="1.0" encoding="UTF-8"?><testsuite errors="1" failures="0" name="Store Credit" skipped="0" tests="1" time="141.61" timestamp="2018-08-14T15:55:48.305-05:00[America/Bogota]"><testcase name="Store Credit Mayor Compra usuario normal"><error message="The following error occurred: Expected condition failed: waiting for By.xpath: //*[@id='silentOrderPostForm']/p to be displayed (tried for 5 second(s) with 100 MILLISECONDS interval)&#10;Build info: version: '3.8.1', revision: '6e95a6684b', time: '2017-12-01T18:33:54.468Z'&#10;System info: host: 'SP4L8Z362', ip: '10.7.28.116', os.name: 'Windows 7', os.arch: 'amd64', os.version: '6.1', java.version: '1.8.0_121'&#10;Driver info: driver.version: unknown&#10;For documentation on this error, please visit: http://seleniumhq.org/exceptions/no_such_element.html&#10;Build info: version: '3.8.1', revision: '6e95a6684b', time: '2017-12-01T18:33:54.468Z'&#10;System info: host: 'SP4L8Z362', ip: '10.7.28.116', os.name: 'Windows 7', os.arch: 'amd64', os.version: '6.1', java.version: '1.8.0_121'&#10;Driver info: driver.version: unknown" type="org.openqa.selenium.NoSuchElementException">The following error occurred: Expected condition failed: waiting for By.xpath: //*[@id='silentOrderPostForm']/p to be displayed (tried for 5 second(s) with 100 MILLISECONDS interval)
Build info: version: '3.8.1', revision: '6e95a6684b', time: '2017-12-01T18:33:54.468Z'
System info: host: 'SP4L8Z362', ip: '10.7.28.116', os.name: 'Windows 7', os.arch: 'amd64', os.version: '6.1', java.version: '1.8.0_121'
Driver info: driver.version: unknown
For documentation on this error, please visit: http://seleniumhq.org/exceptions/no_such_element.html
Build info: version: '3.8.1', revision: '6e95a6684b', time: '2017-12-01T18:33:54.468Z'
System info: host: 'SP4L8Z362', ip: '10.7.28.116', os.name: 'Windows 7', os.arch: 'amd64', os.version: '6.1', java.version: '1.8.0_121'
Driver info: driver.version: unknown</error><system-err>The following error occurred: Expected condition failed: waiting for By.xpath: //*[@id='silentOrderPostForm']/p to be displayed (tried for 5 second(s) with 100 MILLISECONDS interval)
Build info: version: '3.8.1', revision: '6e95a6684b', time: '2017-12-01T18:33:54.468Z'
System info: host: 'SP4L8Z362', ip: '10.7.28.116', os.name: 'Windows 7', os.arch: 'amd64', os.version: '6.1', java.version: '1.8.0_121'
Driver info: driver.version: unknown
For documentation on this error, please visit: http://seleniumhq.org/exceptions/no_such_element.html
Build info: version: '3.8.1', revision: '6e95a6684b', time: '2017-12-01T18:33:54.468Z'
System info: host: 'SP4L8Z362', ip: '10.7.28.116', os.name: 'Windows 7', os.arch: 'amd64', os.version: '6.1', java.version: '1.8.0_121'
Driver info: driver.version: unknown&#13;
com.lineadirecta.pacifika.pageobjets.CheckOutPage.MensajeStore(CheckOutPage.java:344)&#13;
com.lineadirecta.pacifika.steps.CheckOutSteps.VerificaMensajeStore(CheckOutSteps.java:105)&#13;
com.lineadirecta.pacifika.definition.StoreCreditDefinition.no_encuentra_Pasarela(StoreCreditDefinition.java:40)&#13;
cucumber.runner.Runner.runPickle(Runner.java:80)&#13;
org.eclipse.jdt.internal.junit4.runner.JUnit4TestReference.run(JUnit4TestReference.java:86)&#13;
org.eclipse.jdt.internal.junit.runner.TestExecution.run(TestExecution.java:38)&#13;
org.eclipse.jdt.internal.junit.runner.RemoteTestRunner.runTests(RemoteTestRunner.java:538)&#13;
org.eclipse.jdt.internal.junit.runner.RemoteTestRunner.runTests(RemoteTestRunner.java:760)&#13;
org.eclipse.jdt.internal.junit.runner.RemoteTestRunner.run(RemoteTestRunner.java:460)&#13;
org.eclipse.jdt.internal.junit.runner.RemoteTestRunner.main(RemoteTestRunner.java:206)&#13;
</system-err></testcase></testsuite>